[debug] [2023-02-13T10:52:16.470Z] ----------------------------------------------------------------------
[debug] [2023-02-13T10:52:16.471Z] Command:       C:\Program Files\nodejs\node.exe C:\Users\riyaz\AppData\Roaming\npm\node_modules\firebase-tools\lib\bin\firebase.js init
[debug] [2023-02-13T10:52:16.471Z] CLI Version:   11.22.0
[debug] [2023-02-13T10:52:16.471Z] Platform:      win32
[debug] [2023-02-13T10:52:16.471Z] Node Version:  v18.6.0
[debug] [2023-02-13T10:52:16.472Z] Time:          Mon Feb 13 2023 16:22:16 GMT+0530 (India Standard Time)
[debug] [2023-02-13T10:52:16.472Z] ----------------------------------------------------------------------
[debug] 
[debug] [2023-02-13T10:52:16.518Z] > command requires scopes: ["email","openid","https://www.googleapis.com/auth/cloudplatformprojects.readonly","https://www.googleapis.com/auth/firebase","https://www.googleapis.com/auth/cloud-platform"]
[debug] [2023-02-13T10:52:16.519Z] > authorizing via signed-in user (riyazkhan03.official@gmail.com)
[info] 
     ######## #### ########  ######## ########     ###     ######  ########
     ##        ##  ##     ## ##       ##     ##  ##   ##  ##       ##
     ######    ##  ########  ######   ########  #########  ######  ######
     ##        ##  ##    ##  ##       ##     ## ##     ##       ## ##
     ##       #### ##     ## ######## ########  ##     ##  ######  ########

You're about to initialize a Firebase project in this directory:

  E:\Internsala\test

Before we get started, keep in mind:

  * You are initializing within an existing Firebase project directory

[info] 
=== Project Setup
[info] 
[info] First, let's associate this project directory with a Firebase project.
[info] You can create multiple project aliases by running firebase use --add, 
[info] but for now we'll just set up a default project.
[info] 
[debug] [2023-02-13T10:52:25.039Z] Using project from CLI flag: ecommercewebsite-8a5e5
[debug] [2023-02-13T10:52:25.040Z] >>> [apiv2][query] GET https://firebase.googleapis.com/v1beta1/projects/ecommercewebsite-8a5e5 [none]
[debug] [2023-02-13T10:52:25.591Z] <<< [apiv2][status] GET https://firebase.googleapis.com/v1beta1/projects/ecommercewebsite-8a5e5 200
[debug] [2023-02-13T10:52:25.591Z] <<< [apiv2][body] GET https://firebase.googleapis.com/v1beta1/projects/ecommercewebsite-8a5e5 {"projectId":"ecommercewebsite-8a5e5","projectNumber":"223937186378","displayName":"EcommerceWebsite","name":"projects/ecommercewebsite-8a5e5","resources":{"hostingSite":"ecommercewebsite-8a5e5"},"state":"ACTIVE","etag":"1_4c41be56-bbcf-48f6-b8c3-06a516c974fb"}
[info] i  Using project ecommercewebsite-8a5e5 (EcommerceWebsite) 
[info] 
=== Hosting Setup
[info] 
[info] Your public directory is the folder (relative to your project directory) that
[info] will contain Hosting assets to be uploaded with firebase deploy. If you
[info] have a build process for your assets, use your build's output directory.
[info] 
[debug] [2023-02-13T10:52:45.010Z] >>> [apiv2][query] GET https://www.gstatic.com/firebasejs/releases.json [none]
[debug] [2023-02-13T10:52:45.177Z] <<< [apiv2][status] GET https://www.gstatic.com/firebasejs/releases.json 200
[debug] [2023-02-13T10:52:45.177Z] <<< [apiv2][body] GET https://www.gstatic.com/firebasejs/releases.json {"current":{"version":"9.17.1","browserURL":"https://www.gstatic.com/firebasejs/9.17.1/firebase.js","packageURL":"https://www.gstatic.com/firebasejs/9.17.1/firebase.tgz"},"live":{"version":"9.17","browserURL":"https://www.gstatic.com/firebasejs/live/9.17/firebase.js","packageURL":"https://www.gstatic.com/firebasejs/live/9.17/firebase.tgz"},"components":{"analytics":"https://www.gstatic.com/firebasejs/9.17.1/firebase-analytics.js","app":"https://www.gstatic.com/firebasejs/9.17.1/firebase-app.js","app-check":"https://www.gstatic.com/firebasejs/9.17.1/firebase-app-check.js","auth":"https://www.gstatic.com/firebasejs/9.17.1/firebase-auth.js","auth/cordova":"https://www.gstatic.com/firebasejs/9.17.1/firebase-auth/cordova.js","auth/react-native":"https://www.gstatic.com/firebasejs/9.17.1/firebase-auth/react-native.js","functions":"https://www.gstatic.com/firebasejs/9.17.1/firebase-functions.js","firestore":"https://www.gstatic.com/firebasejs/9.17.1/firebase-firestore.js","firestore/lite":"https://www.gstatic.com/firebasejs/9.17.1/firebase-firestore/lite.js","installations":"https://www.gstatic.com/firebasejs/9.17.1/firebase-installations.js","storage":"https://www.gstatic.com/firebasejs/9.17.1/firebase-storage.js","performance":"https://www.gstatic.com/firebasejs/9.17.1/firebase-performance.js","remote-config":"https://www.gstatic.com/firebasejs/9.17.1/firebase-remote-config.js","messaging":"https://www.gstatic.com/firebasejs/9.17.1/firebase-messaging.js","messaging/sw":"https://www.gstatic.com/firebasejs/9.17.1/firebase-messaging/sw.js","database":"https://www.gstatic.com/firebasejs/9.17.1/firebase-database.js","firestore.memory":"https://www.gstatic.com/firebasejs/9.17.1/firebase-firestore.memory.js"}}
[info] i  Skipping write of public/index.html 
[info] 
[info] i  Detected a .git folder at E:\Internsala\test 
[info] i  Authorizing with GitHub to upload your service account to a GitHub repository's secrets store. 
[info] 
[info] Visit this URL on this device to log in:
[info] https://github.com/login/oauth/authorize?client_id=89cf50f02ac6aaed3484&state=802822081&redirect_uri=http%3A%2F%2Flocalhost%3A9005&scope=read%3Auser%20repo%20public_repo
[info] 
[info] Waiting for authentication...
[debug] [2023-02-13T10:53:01.629Z] >>> [apiv2][query] POST https://github.com/login/oauth/access_token [none]
[debug] [2023-02-13T10:53:01.629Z] >>> [apiv2][body] POST https://github.com/login/oauth/access_token [stream]
[debug] [2023-02-13T10:53:02.144Z] <<< [apiv2][status] POST https://github.com/login/oauth/access_token 200
[debug] [2023-02-13T10:53:02.144Z] <<< [apiv2][body] POST https://github.com/login/oauth/access_token {"access_token":"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","token_type":"bearer","scope":"read:user,repo"}
[debug] [2023-02-13T10:53:02.148Z] >>> [apiv2][query] GET https://api.github.com/user [none]
[debug] [2023-02-13T10:53:02.758Z] <<< [apiv2][status] GET https://api.github.com/user 200
[debug] [2023-02-13T10:53:02.758Z] <<< [apiv2][body] GET https://api.github.com/user {"login":"riyazkhan2004","id":89290424,"node_id":"MDQ6VXNlcjg5MjkwNDI0","avatar_url":"https://avatars.githubusercontent.com/u/89290424?v=4","gravatar_id":"","url":"https://api.github.com/users/riyazkhan2004","html_url":"https://github.com/riyazkhan2004","followers_url":"https://api.github.com/users/riyazkhan2004/followers","following_url":"https://api.github.com/users/riyazkhan2004/following{/other_user}","gists_url":"https://api.github.com/users/riyazkhan2004/gists{/gist_id}","starred_url":"https://api.github.com/users/riyazkhan2004/starred{/owner}{/repo}","subscriptions_url":"https://api.github.com/users/riyazkhan2004/subscriptions","organizations_url":"https://api.github.com/users/riyazkhan2004/orgs","repos_url":"https://api.github.com/users/riyazkhan2004/repos","events_url":"https://api.github.com/users/riyazkhan2004/events{/privacy}","received_events_url":"https://api.github.com/users/riyazkhan2004/received_events","type":"User","site_admin":false,"name":"Mohammed Riyaz Khan","company":null,"blog":"","location":null,"email":null,"hireable":null,"bio":null,"twitter_username":null,"public_repos":1,"public_gists":0,"followers":0,"following":0,"created_at":"2021-08-21T05:20:03Z","updated_at":"2023-02-09T22:04:57Z","private_gists":0,"total_private_repos":0,"owned_private_repos":0,"disk_usage":515,"collaborators":0,"two_factor_authentication":false,"plan":{"name":"free","space":976562499,"collaborators":0,"private_repos":10000}}
[info] 
[info] +  Success! Logged into GitHub as riyazkhan2004 
[info] 
